<?xml version="1.0" encoding="UTF-8"?>
<!-- Generated by org.testng.reporters.JUnitXMLReporter -->
<testsuite ignored="0" hostname="DESKTOP-5F19QSO" failures="0" tests="3" name="Submit Order Test" time="61.91" errors="0" timestamp="18 Nov 2025 11:54:30 GMT">
  <testcase classname="rahulshettyacademy.Tests.SubmitOrderForm" name="submitOrder" time="23.049"/>
  <testcase classname="rahulshettyacademy.Tests.SubmitOrderForm" name="submitOrder" time="24.358"/>
  <testcase classname="rahulshettyacademy.Tests.SubmitOrderForm" name="OrderHistory" time="1.204"/>
</testsuite> <!-- Submit Order Test -->
