<?xml version="1.0" encoding="UTF-8"?>
<!-- Generated by org.testng.reporters.JUnitXMLReporter -->
<testsuite ignored="0" hostname="DESKTOP-5F19QSO" failures="2" tests="2" name="Error Validation Test" time="11.294" errors="0" timestamp="14 Nov 2025 10:19:48 GMT">
  <testcase classname="rahulshettyacademy.Tests.ErrorValidations" name="NegativeTest" time="1.28">
    <failure type="java.lang.AssertionError" message="expected [Incorrect email or password.] but found [Incorrect email password.]">
      <![CDATA[java.lang.AssertionError: expected [Incorrect email or password.] but found [Incorrect email password.]
at rahulshettyacademy.Tests.ErrorValidations.NegativeTest(ErrorValidations.java:18)
... Removed 33 stack frames]]>
    </failure>
  </testcase> <!-- NegativeTest -->
  <testcase classname="rahulshettyacademy.Tests.ErrorValidations" name="submitOrderInvalidItem" time="1.096">
    <failure type="java.lang.RuntimeException" message="Cannot add product to cart. Product not found: ZARA COAT 33">
      <![CDATA[java.lang.RuntimeException: Cannot add product to cart. Product not found: ZARA COAT 33
at rahulshettyacademy.PO.ProductCatalogue.addProdToCart(ProductCatalogue.java:85)
at rahulshettyacademy.Tests.ErrorValidations.submitOrderInvalidItem(ErrorValidations.java:29)
... Removed 27 stack frames]]>
    </failure>
  </testcase> <!-- submitOrderInvalidItem -->
</testsuite> <!-- Error Validation Test -->
