<?xml version="1.0" encoding="UTF-8"?>
<!-- Generated by org.testng.reporters.JUnitXMLReporter -->
<testsuite ignored="0" hostname="DESKTOP-5F19QSO" failures="0" tests="3" name="Submit Order Test" time="63.574" errors="0" timestamp="14 Nov 2025 10:19:36 GMT">
  <testcase classname="rahulshettyacademy.Tests.SubmitOrderForm" name="submitOrder" time="23.641"/>
  <testcase classname="rahulshettyacademy.Tests.SubmitOrderForm" name="submitOrder" time="22.818"/>
  <testcase classname="rahulshettyacademy.Tests.SubmitOrderForm" name="OrderHistory" time="1.297"/>
</testsuite> <!-- Submit Order Test -->
