<?xml version="1.0" encoding="UTF-8"?>
<testng-results ignored="0" total="5" passed="3" failed="2" skipped="0">
  <reporter-output>
  </reporter-output>
  <suite started-at="2025-11-14T10:18:33Z" name="Suite" finished-at="2025-11-14T10:19:48Z" duration-ms="75411">
    <groups>
      <group name="Purchase">
        <method signature="SubmitOrderForm.submitOrder(java.util.HashMap)[pri:0, instance:rahulshettyacademy.Tests.SubmitOrderForm@535779e4]" name="submitOrder" class="rahulshettyacademy.Tests.SubmitOrderForm"/>
      </group> <!-- Purchase -->
      <group name="ErrorValidations">
        <method signature="ErrorValidations.NegativeTest()[pri:0, instance:rahulshettyacademy.Tests.ErrorValidations@77825085]" name="NegativeTest" class="rahulshettyacademy.Tests.ErrorValidations"/>
      </group> <!-- ErrorValidations -->
    </groups>
    <test started-at="2025-11-14T10:18:33Z" name="Submit Order Test" finished-at="2025-11-14T10:19:36Z" duration-ms="63574">
      <class name="rahulshettyacademy.Tests.SubmitOrderForm">
        <test-method is-config="true" signature="launchApplication()[pri:0, instance:rahulshettyacademy.Tests.SubmitOrderForm@535779e4]" started-at="2025-11-14T10:18:33Z" name="launchApplication" finished-at="2025-11-14T10:18:38Z" duration-ms="5225" status="PASS">
          <reporter-output>
          </reporter-output>
        </test-method> <!-- launchApplication -->
        <test-method signature="submitOrder(java.util.HashMap)[pri:0, instance:rahulshettyacademy.Tests.SubmitOrderForm@535779e4]" started-at="2025-11-14T10:18:38Z" name="submitOrder" data-provider="getData" finished-at="2025-11-14T10:19:02Z" duration-ms="23641" status="PASS">
          <params>
            <param index="0">
              <value>
                <![CDATA[{password=Automation@1, emailId=Gadagkar@gmail.com, productName=ZARA COAT 3}]]>
              </value>
            </param>
          </params>
          <reporter-output>
          </reporter-output>
        </test-method> <!-- submitOrder -->
        <test-method is-config="true" signature="tearDown()[pri:0, instance:rahulshettyacademy.Tests.SubmitOrderForm@535779e4]" started-at="2025-11-14T10:19:02Z" name="tearDown" finished-at="2025-11-14T10:19:02Z" duration-ms="489" status="PASS">
          <reporter-output>
          </reporter-output>
        </test-method> <!-- tearDown -->
        <test-method is-config="true" signature="launchApplication()[pri:0, instance:rahulshettyacademy.Tests.SubmitOrderForm@535779e4]" started-at="2025-11-14T10:19:02Z" name="launchApplication" finished-at="2025-11-14T10:19:07Z" duration-ms="4432" status="PASS">
          <reporter-output>
          </reporter-output>
        </test-method> <!-- launchApplication -->
        <test-method signature="submitOrder(java.util.HashMap)[pri:0, instance:rahulshettyacademy.Tests.SubmitOrderForm@535779e4]" started-at="2025-11-14T10:19:07Z" name="submitOrder" data-provider="getData" finished-at="2025-11-14T10:19:30Z" duration-ms="22818" status="PASS">
          <params>
            <param index="0">
              <value>
                <![CDATA[{password=Ridhisha@1, emailId=ridhisha@gmail.com, productName=ADIDAS ORIGINAL}]]>
              </value>
            </param>
          </params>
          <reporter-output>
          </reporter-output>
        </test-method> <!-- submitOrder -->
        <test-method is-config="true" signature="tearDown()[pri:0, instance:rahulshettyacademy.Tests.SubmitOrderForm@535779e4]" started-at="2025-11-14T10:19:30Z" name="tearDown" finished-at="2025-11-14T10:19:30Z" duration-ms="388" status="PASS">
          <reporter-output>
          </reporter-output>
        </test-method> <!-- tearDown -->
        <test-method is-config="true" signature="launchApplication()[pri:0, instance:rahulshettyacademy.Tests.SubmitOrderForm@535779e4]" started-at="2025-11-14T10:19:30Z" name="launchApplication" finished-at="2025-11-14T10:19:35Z" duration-ms="4490" status="PASS">
          <reporter-output>
          </reporter-output>
        </test-method> <!-- launchApplication -->
        <test-method signature="OrderHistory()[pri:0, instance:rahulshettyacademy.Tests.SubmitOrderForm@535779e4]" started-at="2025-11-14T10:19:35Z" name="OrderHistory" finished-at="2025-11-14T10:19:36Z" depends-on-methods="rahulshettyacademy.Tests.SubmitOrderForm.submitOrder" duration-ms="1297" status="PASS">
          <reporter-output>
          </reporter-output>
        </test-method> <!-- OrderHistory -->
        <test-method is-config="true" signature="tearDown()[pri:0, instance:rahulshettyacademy.Tests.SubmitOrderForm@535779e4]" started-at="2025-11-14T10:19:36Z" name="tearDown" finished-at="2025-11-14T10:19:36Z" duration-ms="333" status="PASS">
          <reporter-output>
          </reporter-output>
        </test-method> <!-- tearDown -->
      </class> <!-- rahulshettyacademy.Tests.SubmitOrderForm -->
    </test> <!-- Submit Order Test -->
    <test started-at="2025-11-14T10:19:37Z" name="Error Validation Test" finished-at="2025-11-14T10:19:48Z" duration-ms="11294">
      <class name="rahulshettyacademy.Tests.ErrorValidations">
        <test-method is-config="true" signature="launchApplication()[pri:0, instance:rahulshettyacademy.Tests.ErrorValidations@77825085]" started-at="2025-11-14T10:19:37Z" name="launchApplication" finished-at="2025-11-14T10:19:41Z" duration-ms="3864" status="PASS">
          <reporter-output>
          </reporter-output>
        </test-method> <!-- launchApplication -->
        <test-method signature="NegativeTest()[pri:0, instance:rahulshettyacademy.Tests.ErrorValidations@77825085]" started-at="2025-11-14T10:19:41Z" name="NegativeTest" finished-at="2025-11-14T10:19:42Z" duration-ms="1280" status="FAIL">
          <exception class="java.lang.AssertionError">
            <message>
              <![CDATA[expected [Incorrect email or password.] but found [Incorrect email password.]]]>
            </message>
            <full-stacktrace>
              <![CDATA[java.lang.AssertionError: expected [Incorrect email or password.] but found [Incorrect email password.]
at org.testng.Assert.fail(Assert.java:96)
at org.testng.Assert.failNotEquals(Assert.java:776)
at org.testng.Assert.assertEqualsImpl(Assert.java:137)
at org.testng.Assert.assertEquals(Assert.java:118)
at org.testng.Assert.assertEquals(Assert.java:453)
at org.testng.Assert.assertEquals(Assert.java:463)
at rahulshettyacademy.Tests.ErrorValidations.NegativeTest(ErrorValidations.java:18)
at java.base/jdk.internal.reflect.DirectMethodHandleAccessor.invoke(DirectMethodHandleAccessor.java:103)
at java.base/java.lang.reflect.Method.invoke(Method.java:580)
at org.testng.internal.MethodInvocationHelper.invokeMethod(MethodInvocationHelper.java:124)
at org.testng.internal.Invoker.invokeMethod(Invoker.java:583)
at org.testng.internal.Invoker.invokeTestMethod(Invoker.java:719)
at org.testng.internal.Invoker.invokeTestMethods(Invoker.java:989)
at org.testng.internal.TestMethodWorker.invokeTestMethods(TestMethodWorker.java:125)
at org.testng.internal.TestMethodWorker.run(TestMethodWorker.java:109)
at org.testng.TestRunner.privateRun(TestRunner.java:648)
at org.testng.TestRunner.run(TestRunner.java:505)
at org.testng.SuiteRunner.runTest(SuiteRunner.java:455)
at org.testng.SuiteRunner.runSequentially(SuiteRunner.java:450)
at org.testng.SuiteRunner.privateRun(SuiteRunner.java:415)
at org.testng.SuiteRunner.run(SuiteRunner.java:364)
at org.testng.SuiteRunnerWorker.runSuite(SuiteRunnerWorker.java:52)
at org.testng.SuiteRunnerWorker.run(SuiteRunnerWorker.java:84)
at org.testng.TestNG.runSuitesSequentially(TestNG.java:1208)
at org.testng.TestNG.runSuitesLocally(TestNG.java:1137)
at org.testng.TestNG.runSuites(TestNG.java:1049)
at org.testng.TestNG.run(TestNG.java:1017)
at org.apache.maven.surefire.testng.TestNGExecutor.run(TestNGExecutor.java:308)
at org.apache.maven.surefire.testng.TestNGXmlTestSuite.execute(TestNGXmlTestSuite.java:71)
at org.apache.maven.surefire.testng.TestNGProvider.invoke(TestNGProvider.java:113)
at org.apache.maven.surefire.booter.ForkedBooter.runSuitesInProcess(ForkedBooter.java:385)
at org.apache.maven.surefire.booter.ForkedBooter.execute(ForkedBooter.java:162)
at org.apache.maven.surefire.booter.ForkedBooter.run(ForkedBooter.java:507)
at org.apache.maven.surefire.booter.ForkedBooter.main(ForkedBooter.java:495)
]]>
            </full-stacktrace>
          </exception> <!-- java.lang.AssertionError -->
          <reporter-output>
          </reporter-output>
        </test-method> <!-- NegativeTest -->
        <test-method is-config="true" signature="tearDown()[pri:0, instance:rahulshettyacademy.Tests.ErrorValidations@77825085]" started-at="2025-11-14T10:19:42Z" name="tearDown" finished-at="2025-11-14T10:19:43Z" duration-ms="336" status="PASS">
          <reporter-output>
          </reporter-output>
        </test-method> <!-- tearDown -->
        <test-method is-config="true" signature="launchApplication()[pri:0, instance:rahulshettyacademy.Tests.ErrorValidations@77825085]" started-at="2025-11-14T10:19:43Z" name="launchApplication" finished-at="2025-11-14T10:19:47Z" duration-ms="3904" status="PASS">
          <reporter-output>
          </reporter-output>
        </test-method> <!-- launchApplication -->
        <test-method signature="submitOrderInvalidItem()[pri:0, instance:rahulshettyacademy.Tests.ErrorValidations@77825085]" started-at="2025-11-14T10:19:47Z" name="submitOrderInvalidItem" finished-at="2025-11-14T10:19:48Z" duration-ms="1096" status="FAIL">
          <exception class="java.lang.RuntimeException">
            <message>
              <![CDATA[Cannot add product to cart. Product not found: ZARA COAT 33]]>
            </message>
            <full-stacktrace>
              <![CDATA[java.lang.RuntimeException: Cannot add product to cart. Product not found: ZARA COAT 33
at rahulshettyacademy.PO.ProductCatalogue.addProdToCart(ProductCatalogue.java:85)
at rahulshettyacademy.Tests.ErrorValidations.submitOrderInvalidItem(ErrorValidations.java:29)
at java.base/jdk.internal.reflect.DirectMethodHandleAccessor.invoke(DirectMethodHandleAccessor.java:103)
at java.base/java.lang.reflect.Method.invoke(Method.java:580)
at org.testng.internal.MethodInvocationHelper.invokeMethod(MethodInvocationHelper.java:124)
at org.testng.internal.Invoker.invokeMethod(Invoker.java:583)
at org.testng.internal.Invoker.invokeTestMethod(Invoker.java:719)
at org.testng.internal.Invoker.invokeTestMethods(Invoker.java:989)
at org.testng.internal.TestMethodWorker.invokeTestMethods(TestMethodWorker.java:125)
at org.testng.internal.TestMethodWorker.run(TestMethodWorker.java:109)
at org.testng.TestRunner.privateRun(TestRunner.java:648)
at org.testng.TestRunner.run(TestRunner.java:505)
at org.testng.SuiteRunner.runTest(SuiteRunner.java:455)
at org.testng.SuiteRunner.runSequentially(SuiteRunner.java:450)
at org.testng.SuiteRunner.privateRun(SuiteRunner.java:415)
at org.testng.SuiteRunner.run(SuiteRunner.java:364)
at org.testng.SuiteRunnerWorker.runSuite(SuiteRunnerWorker.java:52)
at org.testng.SuiteRunnerWorker.run(SuiteRunnerWorker.java:84)
at org.testng.TestNG.runSuitesSequentially(TestNG.java:1208)
at org.testng.TestNG.runSuitesLocally(TestNG.java:1137)
at org.testng.TestNG.runSuites(TestNG.java:1049)
at org.testng.TestNG.run(TestNG.java:1017)
at org.apache.maven.surefire.testng.TestNGExecutor.run(TestNGExecutor.java:308)
at org.apache.maven.surefire.testng.TestNGXmlTestSuite.execute(TestNGXmlTestSuite.java:71)
at org.apache.maven.surefire.testng.TestNGProvider.invoke(TestNGProvider.java:113)
at org.apache.maven.surefire.booter.ForkedBooter.runSuitesInProcess(ForkedBooter.java:385)
at org.apache.maven.surefire.booter.ForkedBooter.execute(ForkedBooter.java:162)
at org.apache.maven.surefire.booter.ForkedBooter.run(ForkedBooter.java:507)
at org.apache.maven.surefire.booter.ForkedBooter.main(ForkedBooter.java:495)
]]>
            </full-stacktrace>
          </exception> <!-- java.lang.RuntimeException -->
          <reporter-output>
          </reporter-output>
        </test-method> <!-- submitOrderInvalidItem -->
        <test-method is-config="true" signature="tearDown()[pri:0, instance:rahulshettyacademy.Tests.ErrorValidations@77825085]" started-at="2025-11-14T10:19:48Z" name="tearDown" finished-at="2025-11-14T10:19:48Z" duration-ms="305" status="PASS">
          <reporter-output>
          </reporter-output>
        </test-method> <!-- tearDown -->
      </class> <!-- rahulshettyacademy.Tests.ErrorValidations -->
    </test> <!-- Error Validation Test -->
  </suite> <!-- Suite -->
</testng-results>
