<?xml version="1.0" encoding="UTF-8"?>
<!-- Generated by org.testng.reporters.JUnitReportReporter -->
<testsuite hostname="DESKTOP-5F19QSO" failures="0" tests="3" name="rahulshettyacademy.Tests.SubmitOrderForm" time="61.366" errors="0" timestamp="18 Nov 2025 11:54:41 GMT" skipped="0">
  <testcase classname="rahulshettyacademy.Tests.SubmitOrderForm" name="submitOrder" time="30.709"/>
  <testcase classname="rahulshettyacademy.Tests.SubmitOrderForm" name="OrderHistory" time="5.239"/>
  <testcase classname="rahulshettyacademy.Tests.SubmitOrderForm" name="submitOrder" time="25.418"/>
</testsuite> <!-- rahulshettyacademy.Tests.SubmitOrderForm -->
