<?xml version="1.0" encoding="UTF-8"?>
<!-- Generated by org.testng.reporters.JUnitReportReporter -->
<testsuite hostname="DESKTOP-5F19QSO" failures="0" tests="3" name="rahulshettyacademy.Tests.SubmitOrderForm" time="63.113" errors="0" timestamp="14 Nov 2025 10:19:48 GMT" skipped="0">
  <testcase classname="rahulshettyacademy.Tests.SubmitOrderForm" name="submitOrder" time="29.199"/>
  <testcase classname="rahulshettyacademy.Tests.SubmitOrderForm" name="submitOrder" time="27.797"/>
  <testcase classname="rahulshettyacademy.Tests.SubmitOrderForm" name="OrderHistory" time="6.117"/>
</testsuite> <!-- rahulshettyacademy.Tests.SubmitOrderForm -->
